<?xml version="1.0" encoding="UTF-8"?>
<!-- Generated by org.testng.reporters.JUnitReportReporter -->
<testsuite skipped="0" hostname="DESKTOP-AMH8G6L" name="com.phptravels.PhpTravelsTest" tests="2" failures="0" timestamp="27 Aug 2019 05:26:27 GMT" time="16.138" errors="0">
  <testcase name="testHomePageHasAHeader" time="4.202" classname="com.phptravels.PhpTravelsTest"/>
  <testcase name="testHomePageFrontEnd" time="11.936" classname="com.phptravels.PhpTravelsTest"/>
</testsuite> <!-- com.phptravels.PhpTravelsTest -->
