<?xml version="1.0" encoding="UTF-8"?>
<!-- Generated by org.testng.reporters.JUnitReportReporter -->
<testsuite skipped="0" hostname="DESKTOP-AMH8G6L" name="com.phptravels.PhpTravelsTest" tests="3" failures="0" timestamp="03 Sep 2019 03:57:13 GMT" time="49.264" errors="0">
  <testcase name="testSelectingHotels" time="17.203" classname="com.phptravels.PhpTravelsTest"/>
  <testcase name="testSelectingCars" time="15.872" classname="com.phptravels.PhpTravelsTest"/>
  <testcase name="testSelectingHotels" time="16.189" classname="com.phptravels.PhpTravelsTest"/>
</testsuite> <!-- com.phptravels.PhpTravelsTest -->
